22:12:53  INFO      ============================================================
22:12:53  INFO      Deepfake Audio Detection — Stage 0: EDA
22:12:53  INFO      ============================================================
22:12:53  INFO      librosa available
22:12:53  INFO      
Searching for audio files under: D:\vs code\deepfake audio detection ai_mars_open_project\data
22:12:53  INFO      Found 69,300 audio files total
22:12:53  INFO      
Building data manifest (reading durations)...
22:12:56  INFO        Processed 500 / 69,300 files...
22:12:56  INFO        Processed 1,000 / 69,300 files...
22:12:56  INFO        Processed 1,500 / 69,300 files...
22:12:58  INFO        Processed 2,000 / 69,300 files...
22:12:58  INFO        Processed 2,500 / 69,300 files...
22:12:59  INFO        Processed 3,000 / 69,300 files...
22:12:59  INFO        Processed 3,500 / 69,300 files...
22:13:00  INFO        Processed 4,000 / 69,300 files...
22:13:11  INFO        Processed 4,500 / 69,300 files...
22:13:22  INFO        Processed 5,000 / 69,300 files...
22:13:33  INFO        Processed 5,500 / 69,300 files...
22:13:45  INFO        Processed 6,000 / 69,300 files...
22:13:56  INFO        Processed 6,500 / 69,300 files...
22:14:07  INFO        Processed 7,000 / 69,300 files...
22:14:18  INFO        Processed 7,500 / 69,300 files...
22:14:29  INFO        Processed 8,000 / 69,300 files...
22:14:40  INFO        Processed 8,500 / 69,300 files...
22:14:51  INFO        Processed 9,000 / 69,300 files...
22:15:02  INFO        Processed 9,500 / 69,300 files...
22:15:12  INFO        Processed 10,000 / 69,300 files...
22:15:23  INFO        Processed 10,500 / 69,300 files...
22:15:33  INFO        Processed 11,000 / 69,300 files...
22:15:44  INFO        Processed 11,500 / 69,300 files...
22:15:54  INFO        Processed 12,000 / 69,300 files...
22:16:05  INFO        Processed 12,500 / 69,300 files...
22:16:14  INFO        Processed 13,000 / 69,300 files...
22:16:24  INFO        Processed 13,500 / 69,300 files...
22:16:35  INFO        Processed 14,000 / 69,300 files...
22:16:45  INFO        Processed 14,500 / 69,300 files...
22:16:56  INFO        Processed 15,000 / 69,300 files...
22:17:06  INFO        Processed 15,500 / 69,300 files...
22:17:17  INFO        Processed 16,000 / 69,300 files...
22:17:27  INFO        Processed 16,500 / 69,300 files...
22:17:37  INFO        Processed 17,000 / 69,300 files...
22:17:47  INFO        Processed 17,500 / 69,300 files...
22:17:58  INFO        Processed 18,000 / 69,300 files...
22:18:08  INFO        Processed 18,500 / 69,300 files...
22:18:18  INFO        Processed 19,000 / 69,300 files...
22:18:28  INFO        Processed 19,500 / 69,300 files...
22:18:38  INFO        Processed 20,000 / 69,300 files...
22:18:49  INFO        Processed 20,500 / 69,300 files...
22:18:59  INFO        Processed 21,000 / 69,300 files...
22:19:10  INFO        Processed 21,500 / 69,300 files...
22:19:20  INFO        Processed 22,000 / 69,300 files...
22:19:30  INFO        Processed 22,500 / 69,300 files...
22:19:40  INFO        Processed 23,000 / 69,300 files...
22:19:50  INFO        Processed 23,500 / 69,300 files...
22:20:01  INFO        Processed 24,000 / 69,300 files...
22:20:12  INFO        Processed 24,500 / 69,300 files...
22:20:23  INFO        Processed 25,000 / 69,300 files...
22:20:34  INFO        Processed 25,500 / 69,300 files...
22:20:45  INFO        Processed 26,000 / 69,300 files...
22:20:56  INFO        Processed 26,500 / 69,300 files...
22:21:05  INFO        Processed 27,000 / 69,300 files...
22:21:06  INFO        Processed 27,500 / 69,300 files...
22:21:06  INFO        Processed 28,000 / 69,300 files...
22:21:06  INFO        Processed 28,500 / 69,300 files...
22:21:06  INFO        Processed 29,000 / 69,300 files...
22:21:07  INFO        Processed 29,500 / 69,300 files...
22:21:07  INFO        Processed 30,000 / 69,300 files...
22:21:07  INFO        Processed 30,500 / 69,300 files...
22:21:08  INFO        Processed 31,000 / 69,300 files...
22:21:19  INFO        Processed 31,500 / 69,300 files...
22:21:29  INFO        Processed 32,000 / 69,300 files...
22:21:40  INFO        Processed 32,500 / 69,300 files...
22:21:51  INFO        Processed 33,000 / 69,300 files...
22:22:01  INFO        Processed 33,500 / 69,300 files...
22:22:11  INFO        Processed 34,000 / 69,300 files...
22:22:22  INFO        Processed 34,500 / 69,300 files...
22:22:32  INFO        Processed 35,000 / 69,300 files...
22:22:43  INFO        Processed 35,500 / 69,300 files...
22:22:53  INFO        Processed 36,000 / 69,300 files...
22:23:04  INFO        Processed 36,500 / 69,300 files...
22:23:14  INFO        Processed 37,000 / 69,300 files...
22:23:25  INFO        Processed 37,500 / 69,300 files...
22:23:35  INFO        Processed 38,000 / 69,300 files...
22:23:46  INFO        Processed 38,500 / 69,300 files...
22:23:56  INFO        Processed 39,000 / 69,300 files...
22:24:07  INFO        Processed 39,500 / 69,300 files...
22:24:17  INFO        Processed 40,000 / 69,300 files...
22:24:27  INFO        Processed 40,500 / 69,300 files...
22:24:33  INFO        Processed 41,000 / 69,300 files...
22:24:37  INFO        Processed 41,500 / 69,300 files...
22:24:42  INFO        Processed 42,000 / 69,300 files...
22:24:46  INFO        Processed 42,500 / 69,300 files...
22:24:50  INFO        Processed 43,000 / 69,300 files...
22:24:58  INFO        Processed 43,500 / 69,300 files...
22:25:02  INFO        Processed 44,000 / 69,300 files...
22:25:06  INFO        Processed 44,500 / 69,300 files...
22:25:09  INFO        Processed 45,000 / 69,300 files...
22:25:12  INFO        Processed 45,500 / 69,300 files...
22:25:15  INFO        Processed 46,000 / 69,300 files...
22:25:17  INFO        Processed 46,500 / 69,300 files...
22:25:19  INFO        Processed 47,000 / 69,300 files...
22:25:21  INFO        Processed 47,500 / 69,300 files...
22:25:24  INFO        Processed 48,000 / 69,300 files...
22:25:26  INFO        Processed 48,500 / 69,300 files...
22:25:28  INFO        Processed 49,000 / 69,300 files...
22:25:30  INFO        Processed 49,500 / 69,300 files...
22:25:32  INFO        Processed 50,000 / 69,300 files...
22:25:33  INFO        Processed 50,500 / 69,300 files...
22:25:35  INFO        Processed 51,000 / 69,300 files...
22:25:37  INFO        Processed 51,500 / 69,300 files...
22:25:39  INFO        Processed 52,000 / 69,300 files...
22:25:41  INFO        Processed 52,500 / 69,300 files...
22:25:43  INFO        Processed 53,000 / 69,300 files...
22:25:45  INFO        Processed 53,500 / 69,300 files...
22:25:47  INFO        Processed 54,000 / 69,300 files...
22:25:47  INFO        Processed 54,500 / 69,300 files...
22:25:47  INFO        Processed 55,000 / 69,300 files...
22:25:47  INFO        Processed 55,500 / 69,300 files...
22:25:48  INFO        Processed 56,000 / 69,300 files...
22:25:48  INFO        Processed 56,500 / 69,300 files...
22:25:48  INFO        Processed 57,000 / 69,300 files...
22:25:48  INFO        Processed 57,500 / 69,300 files...
22:25:49  INFO        Processed 58,000 / 69,300 files...
22:25:49  INFO        Processed 58,500 / 69,300 files...
22:25:49  INFO        Processed 59,000 / 69,300 files...
22:25:49  INFO        Processed 59,500 / 69,300 files...
22:25:50  INFO        Processed 60,000 / 69,300 files...
22:25:50  INFO        Processed 60,500 / 69,300 files...
22:25:50  INFO        Processed 61,000 / 69,300 files...
22:25:50  INFO        Processed 61,500 / 69,300 files...
22:25:51  INFO        Processed 62,000 / 69,300 files...
22:25:51  INFO        Processed 62,500 / 69,300 files...
22:25:53  INFO        Processed 63,000 / 69,300 files...
22:25:55  INFO        Processed 63,500 / 69,300 files...
22:25:57  INFO        Processed 64,000 / 69,300 files...
22:25:57  INFO        Processed 64,500 / 69,300 files...
22:25:57  INFO        Processed 65,000 / 69,300 files...
22:25:58  INFO        Processed 65,500 / 69,300 files...
22:25:58  INFO        Processed 66,000 / 69,300 files...
22:25:58  INFO        Processed 66,500 / 69,300 files...
22:25:58  INFO        Processed 67,000 / 69,300 files...
22:25:59  INFO        Processed 67,500 / 69,300 files...
22:25:59  INFO        Processed 68,000 / 69,300 files...
22:26:01  INFO        Processed 68,500 / 69,300 files...
22:26:04  INFO        Processed 69,000 / 69,300 files...
22:26:05  INFO      ============================================================
22:26:05  INFO      EDA REPORT
22:26:05  INFO      ============================================================
22:26:05  INFO      
Total files      : 69,300
22:26:05  INFO      Real (Genuine)   : 34,605
22:26:05  INFO      Fake (Deepfake)  : 34,695
22:26:05  INFO      
Split distribution:
22:26:05  INFO      split  label
eval   fake      5398
       real      5400
test   fake      2370
       real      2264
train  fake     26927
       real     26941
22:26:05  INFO      
Duration stats (seconds):
22:26:05  INFO      count    69300.000
mean         3.104
std          2.241
min          0.000
25%          1.485
50%          2.300
75%          3.983
max         38.683
22:26:05  INFO      
Sample rate distribution:
22:26:05  INFO      sample_rate
16000    69300
22:26:05  INFO      
Files < 1 sec  : 5,223
22:26:05  INFO      Files > 10 sec : 152
22:26:05  INFO      
Saved manifest -> 'data_manifest.csv'  (69,300 rows)
22:26:05  INFO      ============================================================
22:26:05  INFO      Stage 0 COMPLETE — Ready for feature extraction
22:26:05  INFO      ============================================================
